This file contains any messages produced by compilers while
running configure, to aid debugging if configure makes a mistake.

It was created by libctf configure 1.2.0, which was
generated by GNU Autoconf 2.69.  Invocation command line was

  $ /home/rumen/Coding/phantomuserland/gdb-13.1/libctf/configure --srcdir=.././libctf --cache-file=./config.cache --program-transform-name=s,y,y, --disable-option-checking --disable-year2038 --build=x86_64-pc-linux-gnu --host=x86_64-pc-linux-gnu --target=x86_64-pc-linux-gnu

## --------- ##
## Platform. ##
## --------- ##

hostname = black-eagle
uname -m = x86_64
uname -r = 6.6.56_2
uname -s = Linux
uname -v = #1 SMP PREEMPT_DYNAMIC Tue Oct 15 02:54:10 UTC 2024

/usr/bin/uname -p = x86_64
/bin/uname -X     = unknown

/bin/arch              = x86_64
/usr/bin/arch -k       = unknown
/usr/convex/getsysinfo = unknown
/usr/bin/hostinfo      = unknown
/bin/machine           = unknown
/usr/bin/oslevel       = unknown
/bin/universe          = unknown

PATH: /home/rumen/.cargo/bin
PATH: /home/rumen/.cargo/bin
PATH: /usr/local/sbin
PATH: /usr/local/bin
PATH: /usr/sbin
PATH: /usr/bin
PATH: /sbin
PATH: /bin
PATH: /home/rumen/Coding/phantomuserland/goa/bin
PATH: /home/rumen/Coding/phantomuserland/goa/bin


## ----------- ##
## Core tests. ##
## ----------- ##

configure:2230: creating cache ./config.cache
configure:2344: checking build system type
configure:2358: result: x86_64-pc-linux-gnu
configure:2378: checking host system type
configure:2391: result: x86_64-pc-linux-gnu
configure:2411: checking target system type
configure:2424: result: x86_64-pc-linux-gnu
configure:2461: checking for x86_64-pc-linux-gnu-gcc
configure:2488: result: gcc
configure:2757: checking for C compiler version
configure:2766: gcc --version >&5
gcc (Ubuntu 11.4.0-1ubuntu1~22.04) 11.4.0
Copyright (C) 2021 Free Software Foundation, Inc.
This is free software; see the source for copying conditions.  There is NO
warranty; not even for MERCHANTABILITY or FITNESS FOR A PARTICULAR PURPOSE.

configure:2777: $? = 0
configure:2766: gcc -v >&5
Using built-in specs.
COLLECT_GCC=gcc
COLLECT_LTO_WRAPPER=/usr/lib/gcc/x86_64-linux-gnu/11/lto-wrapper
OFFLOAD_TARGET_NAMES=nvptx-none:amdgcn-amdhsa
OFFLOAD_TARGET_DEFAULT=1
Target: x86_64-linux-gnu
Configured with: ../src/configure -v --with-pkgversion='Ubuntu 11.4.0-1ubuntu1~22.04' --with-bugurl=file:///usr/share/doc/gcc-11/README.Bugs --enable-languages=c,ada,c++,go,brig,d,fortran,objc,obj-c++,m2 --prefix=/usr --with-gcc-major-version-only --program-suffix=-11 --program-prefix=x86_64-linux-gnu- --enable-shared --enable-linker-build-id --libexecdir=/usr/lib --without-included-gettext --enable-threads=posix --libdir=/usr/lib --enable-nls --enable-bootstrap --enable-clocale=gnu --enable-libstdcxx-debug --enable-libstdcxx-time=yes --with-default-libstdcxx-abi=new --enable-gnu-unique-object --disable-vtable-verify --enable-plugin --enable-default-pie --with-system-zlib --enable-libphobos-checking=release --with-target-system-zlib=auto --enable-objc-gc=auto --enable-multiarch --disable-werror --enable-cet --with-arch-32=i686 --with-abi=m64 --with-multilib-list=m32,m64,mx32 --enable-multilib --with-tune=generic --enable-offload-targets=nvptx-none=/build/gcc-11-XeT9lY/gcc-11-11.4.0/debian/tmp-nvptx/usr,amdgcn-amdhsa=/build/gcc-11-XeT9lY/gcc-11-11.4.0/debian/tmp-gcn/usr --without-cuda-driver --enable-checking=release --build=x86_64-linux-gnu --host=x86_64-linux-gnu --target=x86_64-linux-gnu --with-build-config=bootstrap-lto-lean --enable-link-serialization=2
Thread model: posix
Supported LTO compression algorithms: zlib zstd
gcc version 11.4.0 (Ubuntu 11.4.0-1ubuntu1~22.04) 
... rest of stderr output deleted ...
configure:2777: $? = 0
configure:2766: gcc -V >&5
gcc: error: unrecognized command-line option '-V'
gcc: fatal error: no input files
compilation terminated.
configure:2777: $? = 1
configure:2766: gcc -qversion >&5
gcc: error: unrecognized command-line option '-qversion'; did you mean '--version'?
gcc: fatal error: no input files
compilation terminated.
configure:2777: $? = 1
configure:2797: checking whether the C compiler works
configure:2819: gcc -g -O2        conftest.c  >&5
configure:2823: $? = 0
configure:2871: result: yes
configure:2874: checking for C compiler default output file name
configure:2876: result: a.out
configure:2882: checking for suffix of executables
configure:2889: gcc -o conftest -g -O2        conftest.c  >&5
configure:2893: $? = 0
configure:2915: result: 
configure:2937: checking whether we are cross compiling
configure:2945: gcc -o conftest -g -O2        conftest.c  >&5
configure:2949: $? = 0
configure:2956: ./conftest
configure:2960: $? = 0
configure:2975: result: no
configure:2980: checking for suffix of object files
configure:3002: gcc -c -g -O2      conftest.c >&5
configure:3006: $? = 0
configure:3027: result: o
configure:3031: checking whether we are using the GNU C compiler
configure:3050: gcc -c -g -O2      conftest.c >&5
configure:3050: $? = 0
configure:3059: result: yes
configure:3068: checking whether gcc accepts -g
configure:3088: gcc -c -g  conftest.c >&5
configure:3088: $? = 0
configure:3129: result: yes
configure:3146: checking for gcc option to accept ISO C89
configure:3209: gcc  -c -g -O2      conftest.c >&5
configure:3209: $? = 0
configure:3222: result: none needed
configure:3247: checking whether gcc understands -c and -o together
configure:3269: gcc -c conftest.c -o conftest2.o
configure:3272: $? = 0
configure:3269: gcc -c conftest.c -o conftest2.o
configure:3272: $? = 0
configure:3284: result: yes
configure:3307: checking how to run the C preprocessor
configure:3338: gcc -E  conftest.c
configure:3338: $? = 0
configure:3352: gcc -E  conftest.c
conftest.c:9:10: fatal error: ac_nonexistent.h: No such file or directory
    9 | #include <ac_nonexistent.h>
      |          ^~~~~~~~~~~~~~~~~~
compilation terminated.
configure:3352: $? = 1
configure: failed program was:
| /* confdefs.h */
| #define PACKAGE_NAME "libctf"
| #define PACKAGE_TARNAME "libctf"
| #define PACKAGE_VERSION "1.2.0"
| #define PACKAGE_STRING "libctf 1.2.0"
| #define PACKAGE_BUGREPORT ""
| #define PACKAGE_URL ""
| /* end confdefs.h.  */
| #include <ac_nonexistent.h>
configure:3377: result: gcc -E
configure:3397: gcc -E  conftest.c
configure:3397: $? = 0
configure:3411: gcc -E  conftest.c
conftest.c:9:10: fatal error: ac_nonexistent.h: No such file or directory
    9 | #include <ac_nonexistent.h>
      |          ^~~~~~~~~~~~~~~~~~
compilation terminated.
configure:3411: $? = 1
configure: failed program was:
| /* confdefs.h */
| #define PACKAGE_NAME "libctf"
| #define PACKAGE_TARNAME "libctf"
| #define PACKAGE_VERSION "1.2.0"
| #define PACKAGE_STRING "libctf 1.2.0"
| #define PACKAGE_BUGREPORT ""
| #define PACKAGE_URL ""
| /* end confdefs.h.  */
| #include <ac_nonexistent.h>
configure:3440: checking for grep that handles long lines and -e
configure:3498: result: /usr/bin/grep
configure:3503: checking for egrep
configure:3565: result: /usr/bin/grep -E
configure:3570: checking for ANSI C header files
configure:3590: gcc -c -g -O2      conftest.c >&5
configure:3590: $? = 0
configure:3663: gcc -o conftest -g -O2        conftest.c  >&5
configure:3663: $? = 0
configure:3663: ./conftest
configure:3663: $? = 0
configure:3674: result: yes
configure:3687: checking for sys/types.h
configure:3687: gcc -c -g -O2      conftest.c >&5
configure:3687: $? = 0
configure:3687: result: yes
configure:3687: checking for sys/stat.h
configure:3687: gcc -c -g -O2      conftest.c >&5
configure:3687: $? = 0
configure:3687: result: yes
configure:3687: checking for stdlib.h
configure:3687: gcc -c -g -O2      conftest.c >&5
configure:3687: $? = 0
configure:3687: result: yes
configure:3687: checking for string.h
configure:3687: gcc -c -g -O2      conftest.c >&5
configure:3687: $? = 0
configure:3687: result: yes
configure:3687: checking for memory.h
configure:3687: gcc -c -g -O2      conftest.c >&5
configure:3687: $? = 0
configure:3687: result: yes
configure:3687: checking for strings.h
configure:3687: gcc -c -g -O2      conftest.c >&5
configure:3687: $? = 0
configure:3687: result: yes
configure:3687: checking for inttypes.h
configure:3687: gcc -c -g -O2      conftest.c >&5
configure:3687: $? = 0
configure:3687: result: yes
configure:3687: checking for stdint.h
configure:3687: gcc -c -g -O2      conftest.c >&5
configure:3687: $? = 0
configure:3687: result: yes
configure:3687: checking for unistd.h
configure:3687: gcc -c -g -O2      conftest.c >&5
configure:3687: $? = 0
configure:3687: result: yes
configure:3700: checking minix/config.h usability
configure:3700: gcc -c -g -O2      conftest.c >&5
conftest.c:52:10: fatal error: minix/config.h: No such file or directory
   52 | #include <minix/config.h>
      |          ^~~~~~~~~~~~~~~~
compilation terminated.
configure:3700: $? = 1
configure: failed program was:
| /* confdefs.h */
| #define PACKAGE_NAME "libctf"
| #define PACKAGE_TARNAME "libctf"
| #define PACKAGE_VERSION "1.2.0"
| #define PACKAGE_STRING "libctf 1.2.0"
| #define PACKAGE_BUGREPORT ""
| #define PACKAGE_URL ""
| #define STDC_HEADERS 1
| #define HAVE_SYS_TYPES_H 1
| #define HAVE_SYS_STAT_H 1
| #define HAVE_STDLIB_H 1
| #define HAVE_STRING_H 1
| #define HAVE_MEMORY_H 1
| #define HAVE_STRINGS_H 1
| #define HAVE_INTTYPES_H 1
| #define HAVE_STDINT_H 1
| #define HAVE_UNISTD_H 1
| /* end confdefs.h.  */
| #include <stdio.h>
| #ifdef HAVE_SYS_TYPES_H
| # include <sys/types.h>
| #endif
| #ifdef HAVE_SYS_STAT_H
| # include <sys/stat.h>
| #endif
| #ifdef STDC_HEADERS
| # include <stdlib.h>
| # include <stddef.h>
| #else
| # ifdef HAVE_STDLIB_H
| #  include <stdlib.h>
| # endif
| #endif
| #ifdef HAVE_STRING_H
| # if !defined STDC_HEADERS && defined HAVE_MEMORY_H
| #  include <memory.h>
| # endif
| # include <string.h>
| #endif
| #ifdef HAVE_STRINGS_H
| # include <strings.h>
| #endif
| #ifdef HAVE_INTTYPES_H
| # include <inttypes.h>
| #endif
| #ifdef HAVE_STDINT_H
| # include <stdint.h>
| #endif
| #ifdef HAVE_UNISTD_H
| # include <unistd.h>
| #endif
| #include <minix/config.h>
configure:3700: result: no
configure:3700: checking minix/config.h presence
configure:3700: gcc -E  conftest.c
conftest.c:19:10: fatal error: minix/config.h: No such file or directory
   19 | #include <minix/config.h>
      |          ^~~~~~~~~~~~~~~~
compilation terminated.
configure:3700: $? = 1
configure: failed program was:
| /* confdefs.h */
| #define PACKAGE_NAME "libctf"
| #define PACKAGE_TARNAME "libctf"
| #define PACKAGE_VERSION "1.2.0"
| #define PACKAGE_STRING "libctf 1.2.0"
| #define PACKAGE_BUGREPORT ""
| #define PACKAGE_URL ""
| #define STDC_HEADERS 1
| #define HAVE_SYS_TYPES_H 1
| #define HAVE_SYS_STAT_H 1
| #define HAVE_STDLIB_H 1
| #define HAVE_STRING_H 1
| #define HAVE_MEMORY_H 1
| #define HAVE_STRINGS_H 1
| #define HAVE_INTTYPES_H 1
| #define HAVE_STDINT_H 1
| #define HAVE_UNISTD_H 1
| /* end confdefs.h.  */
| #include <minix/config.h>
configure:3700: result: no
configure:3700: checking for minix/config.h
configure:3700: result: no
configure:3721: checking whether it is safe to define __EXTENSIONS__
configure:3739: gcc -c -g -O2      conftest.c >&5
configure:3739: $? = 0
configure:3746: result: yes
configure:3776: checking for a BSD-compatible install
configure:3844: result: /usr/bin/install -c
configure:3855: checking whether build environment is sane
configure:3910: result: yes
configure:4058: checking for a thread-safe mkdir -p
configure:4097: result: /usr/bin/mkdir -p
configure:4104: checking for gawk
configure:4131: result: gawk
configure:4142: checking whether make sets $(MAKE)
configure:4164: result: yes
configure:4194: checking for style of include used by make
configure:4222: result: GNU
configure:4256: checking whether make supports nested variables
configure:4273: result: yes
configure:4358: checking dependency style of gcc
configure:4469: result: gcc3
configure:4538: checking whether make supports nested variables
configure:4555: result: yes
configure:4568: checking whether make sets $(MAKE)
configure:4590: result: yes
configure:4607: checking for x86_64-pc-linux-gnu-gcc
configure:4634: result: gcc
configure:4903: checking for C compiler version
configure:4912: gcc --version >&5
gcc (Ubuntu 11.4.0-1ubuntu1~22.04) 11.4.0
Copyright (C) 2021 Free Software Foundation, Inc.
This is free software; see the source for copying conditions.  There is NO
warranty; not even for MERCHANTABILITY or FITNESS FOR A PARTICULAR PURPOSE.

configure:4923: $? = 0
configure:4912: gcc -v >&5
Using built-in specs.
COLLECT_GCC=gcc
COLLECT_LTO_WRAPPER=/usr/lib/gcc/x86_64-linux-gnu/11/lto-wrapper
OFFLOAD_TARGET_NAMES=nvptx-none:amdgcn-amdhsa
OFFLOAD_TARGET_DEFAULT=1
Target: x86_64-linux-gnu
Configured with: ../src/configure -v --with-pkgversion='Ubuntu 11.4.0-1ubuntu1~22.04' --with-bugurl=file:///usr/share/doc/gcc-11/README.Bugs --enable-languages=c,ada,c++,go,brig,d,fortran,objc,obj-c++,m2 --prefix=/usr --with-gcc-major-version-only --program-suffix=-11 --program-prefix=x86_64-linux-gnu- --enable-shared --enable-linker-build-id --libexecdir=/usr/lib --without-included-gettext --enable-threads=posix --libdir=/usr/lib --enable-nls --enable-bootstrap --enable-clocale=gnu --enable-libstdcxx-debug --enable-libstdcxx-time=yes --with-default-libstdcxx-abi=new --enable-gnu-unique-object --disable-vtable-verify --enable-plugin --enable-default-pie --with-system-zlib --enable-libphobos-checking=release --with-target-system-zlib=auto --enable-objc-gc=auto --enable-multiarch --disable-werror --enable-cet --with-arch-32=i686 --with-abi=m64 --with-multilib-list=m32,m64,mx32 --enable-multilib --with-tune=generic --enable-offload-targets=nvptx-none=/build/gcc-11-XeT9lY/gcc-11-11.4.0/debian/tmp-nvptx/usr,amdgcn-amdhsa=/build/gcc-11-XeT9lY/gcc-11-11.4.0/debian/tmp-gcn/usr --without-cuda-driver --enable-checking=release --build=x86_64-linux-gnu --host=x86_64-linux-gnu --target=x86_64-linux-gnu --with-build-config=bootstrap-lto-lean --enable-link-serialization=2
Thread model: posix
Supported LTO compression algorithms: zlib zstd
gcc version 11.4.0 (Ubuntu 11.4.0-1ubuntu1~22.04) 
... rest of stderr output deleted ...
configure:4923: $? = 0
configure:4912: gcc -V >&5
gcc: error: unrecognized command-line option '-V'
gcc: fatal error: no input files
compilation terminated.
configure:4923: $? = 1
configure:4912: gcc -qversion >&5
gcc: error: unrecognized command-line option '-qversion'; did you mean '--version'?
gcc: fatal error: no input files
compilation terminated.
configure:4923: $? = 1
configure:4927: checking whether we are using the GNU C compiler
configure:4955: result: yes
configure:4964: checking whether gcc accepts -g
configure:5025: result: yes
configure:5042: checking for gcc option to accept ISO C89
configure:5118: result: none needed
configure:5143: checking whether gcc understands -c and -o together
configure:5180: result: yes
configure:5200: checking for x86_64-pc-linux-gnu-ranlib
configure:5227: result: ranlib --plugin /usr/lib/gcc/x86_64-linux-gnu/11/liblto_plugin.so
configure:5294: checking for x86_64-pc-linux-gnu-ar
configure:5321: result: ar --plugin /usr/lib/gcc/x86_64-linux-gnu/11/liblto_plugin.so
configure:5391: checking the archiver (ar --plugin /usr/lib/gcc/x86_64-linux-gnu/11/liblto_plugin.so) interface
configure:5407: gcc -c -g -O2      conftest.c >&5
configure:5407: $? = 0
configure:5409: ar --plugin /usr/lib/gcc/x86_64-linux-gnu/11/liblto_plugin.so cru libconftest.a conftest.o >&5
ar: `u' modifier ignored since `D' is the default (see `U')
configure:5412: $? = 0
configure:5440: result: ar
configure:5473: checking whether NLS is requested
configure:5479: result: yes
configure:5485: checking for catalogs to be installed
configure:5517: result: 
configure:5609: checking how to print strings
configure:5636: result: printf
configure:5657: checking for a sed that does not truncate output
configure:5721: result: /usr/bin/sed
configure:5739: checking for fgrep
configure:5801: result: /usr/bin/grep -F
configure:5836: checking for ld used by gcc
configure:5903: result: ld
configure:5910: checking if the linker (ld) is GNU ld
configure:5925: result: yes
configure:5937: checking for BSD- or MS-compatible name lister (nm)
configure:5993: result: /usr/bin/nm -B
configure:6123: checking the name lister (/usr/bin/nm -B) interface
configure:6130: gcc -c -g -O2      conftest.c >&5
configure:6133: /usr/bin/nm -B "conftest.o"
configure:6136: output
0000000000000000 B some_variable
configure:6143: result: BSD nm
configure:6146: checking whether ln -s works
configure:6150: result: yes
configure:6158: checking the maximum length of command line arguments
configure:6283: result: 1572864
configure:6300: checking whether the shell understands some XSI constructs
configure:6310: result: yes
configure:6314: checking whether the shell understands "+="
configure:6320: result: yes
configure:6355: checking for ld option to reload object files
configure:6362: result: -r
configure:6391: checking for x86_64-pc-linux-gnu-objdump
configure:6418: result: objdump
configure:6490: checking how to recognize dependent libraries
configure:6691: result: pass_all
configure:6724: checking for x86_64-pc-linux-gnu-ar
configure:6751: result: ar --plugin /usr/lib/gcc/x86_64-linux-gnu/11/liblto_plugin.so
configure:6842: checking for x86_64-pc-linux-gnu-strip
configure:6872: result: no
configure:6882: checking for strip
configure:6898: found /usr/bin/strip
configure:6909: result: strip
configure:6941: checking for x86_64-pc-linux-gnu-ranlib
configure:6968: result: ranlib --plugin /usr/lib/gcc/x86_64-linux-gnu/11/liblto_plugin.so
configure:7115: checking command to parse /usr/bin/nm -B output from gcc object
configure:7233: gcc -c -g -O2      conftest.c >&5
configure:7236: $? = 0
configure:7240: /usr/bin/nm -B conftest.o \| sed -n -e 's/^.*[ ]\([ABCDGIRSTW][ABCDGIRSTW]*\)[ ][ ]*\([_A-Za-z][_A-Za-z0-9]*\)$/\1 \2 \2/p' \> conftest.nm
configure:7243: $? = 0
configure:7297: gcc -o conftest -g -O2        conftest.c conftstm.o >&5
configure:7300: $? = 0
configure:7338: result: ok
configure:7433: gcc -c -g -O2      conftest.c >&5
configure:7436: $? = 0
configure:8186: checking for dlfcn.h
configure:8186: gcc -c -g -O2      conftest.c >&5
configure:8186: $? = 0
configure:8186: result: yes
configure:8343: checking for objdir
configure:8358: result: .libs
configure:8629: checking if gcc supports -fno-rtti -fno-exceptions
configure:8647: gcc -c -g -O2      -fno-rtti -fno-exceptions conftest.c >&5
cc1: warning: command-line option '-fno-rtti' is valid for C++/D/ObjC++ but not for C
configure:8651: $? = 0
configure:8664: result: no
configure:8684: checking for gcc option to produce PIC
configure:8970: result: -fPIC -DPIC
configure:8982: checking if gcc PIC flag -fPIC -DPIC works
configure:9000: gcc -c -g -O2      -fPIC -DPIC -DPIC conftest.c >&5
configure:9004: $? = 0
configure:9017: result: yes
configure:9041: checking if gcc static flag -static works
configure:9069: result: yes
configure:9084: checking if gcc supports -c -o file.o
configure:9105: gcc -c -g -O2      -o out/conftest2.o conftest.c >&5
configure:9109: $? = 0
configure:9131: result: yes
configure:9139: checking if gcc supports -c -o file.o
configure:9186: result: yes
configure:9219: checking whether the gcc linker (ld -m elf_x86_64) supports shared libraries
configure:10290: result: yes
configure:10535: checking dynamic linker characteristics
configure:10976: gcc -o conftest -g -O2        -Wl,-rpath -Wl,/foo conftest.c  >&5
configure:10976: $? = 0
configure:11198: result: GNU/Linux ld.so
configure:11305: checking how to hardcode library paths into programs
configure:11330: result: immediate
configure:11870: checking whether stripping libraries is possible
configure:11875: result: yes
configure:11910: checking if libtool supports shared libraries
configure:11912: result: yes
configure:11915: checking whether to build shared libraries
configure:11936: result: no
configure:11939: checking whether to build static libraries
configure:11943: result: yes
configure:11985: checking for special C compiler options needed for large files
configure:12030: result: no
configure:12036: checking for _FILE_OFFSET_BITS value needed for large files
configure:12061: gcc -c -g -O2      conftest.c >&5
configure:12061: $? = 0
configure:12093: result: no
configure:12179: creating ./config.lt

## ------------------ ##
## Running config.lt. ##
## ------------------ ##
config.lt:615: creating libtool
configure:13544: checking for aclocal
configure:13571: result: ${SHELL} /home/rumen/Coding/phantomuserland/gdb-13.1/missing aclocal-1.15
configure:13587: checking for autoconf
configure:13614: result: ${SHELL} /home/rumen/Coding/phantomuserland/gdb-13.1/missing autoconf
configure:13630: checking for autoheader
configure:13657: result: ${SHELL} /home/rumen/Coding/phantomuserland/gdb-13.1/missing autoheader
configure:13691: checking whether gcc supports -W
configure:13708: gcc -c -W  conftest.c >&5
configure:13708: $? = 0
configure:13717: result: yes
configure:13691: checking whether gcc supports -Wall
configure:13708: gcc -c -Wall  conftest.c >&5
configure:13708: $? = 0
configure:13717: result: yes
configure:13691: checking whether gcc supports -Wnarrowing
configure:13708: gcc -c -Wnarrowing  conftest.c >&5
configure:13708: $? = 0
configure:13717: result: yes
configure:13691: checking whether gcc supports -Wwrite-strings
configure:13708: gcc -c -Wwrite-strings  conftest.c >&5
configure:13708: $? = 0
configure:13717: result: yes
configure:13691: checking whether gcc supports -Wmissing-format-attribute
configure:13708: gcc -c -Wmissing-format-attribute  conftest.c >&5
configure:13708: $? = 0
configure:13717: result: yes
configure:13749: checking whether gcc supports -Wstrict-prototypes
configure:13766: gcc -c -Wstrict-prototypes  conftest.c >&5
conftest.c:31:1: warning: function declaration isn't a prototype [-Wstrict-prototypes]
   31 | main ()
      | ^~~~
configure:13766: $? = 0
configure:13775: result: yes
configure:13749: checking whether gcc supports -Wmissing-prototypes
configure:13766: gcc -c -Wmissing-prototypes  conftest.c >&5
configure:13766: $? = 0
configure:13775: result: yes
configure:13749: checking whether gcc supports -Wold-style-definition
configure:13766: gcc -c -Wold-style-definition  conftest.c >&5
conftest.c: In function 'main':
conftest.c:31:1: warning: old-style function definition [-Wold-style-definition]
   31 | main ()
      | ^~~~
configure:13766: $? = 0
configure:13775: result: yes
configure:13799: checking whether gcc supports -pedantic -Wlong-long
configure:13817: gcc -c -pedantic -Wlong-long  conftest.c >&5
configure:13817: $? = 0
configure:13825: result: yes
configure:13869: checking whether to enable maintainer-specific portions of Makefiles
configure:13878: result: no
configure:13906: checking whether to install libbfd
configure:13919: result: yes
configure:13964: checking whether gcc supports -Wall
configure:13990: result: yes
configure:14011: checking for stdlib.h
configure:14011: result: yes
configure:14011: checking for unistd.h
configure:14011: result: yes
configure:14011: checking for sys/param.h
configure:14011: gcc -c -g -O2      conftest.c >&5
configure:14011: $? = 0
configure:14011: result: yes
configure:14031: checking for getpagesize
configure:14031: gcc -o conftest -g -O2        conftest.c  >&5
configure:14031: $? = 0
configure:14031: result: yes
configure:14040: checking for working mmap
configure:14187: gcc -o conftest -g -O2        conftest.c  >&5
configure:14187: $? = 0
configure:14187: ./conftest
configure:14187: $? = 0
configure:14197: result: yes
configure:14207: checking for library containing dlsym
configure:14238: gcc -o conftest -g -O2        conftest.c  >&5
configure:14238: $? = 0
configure:14255: result: none required
configure:14321: checking for ELF support in BFD
configure:14341: ./libtool --quiet --mode=link gcc -o conftest -I./../include -I../bfd -I./../bfd -g -O2      -L../bfd -L../libiberty   conftest.c -lbfd -liberty   >&5
configure:14341: $? = 0
configure:14349: result: yes
configure:14362: checking whether byte ordering is bigendian
configure:14377: gcc -c -g -O2      conftest.c >&5
conftest.c:36:16: error: unknown type name 'not'
   36 |                not a universal capable compiler
      |                ^~~
conftest.c:36:22: error: expected '=', ',', ';', 'asm' or '__attribute__' before 'universal'
   36 |                not a universal capable compiler
      |                      ^~~~~~~~~
conftest.c:36:22: error: unknown type name 'universal'
configure:14377: $? = 1
configure: failed program was:
| /* confdefs.h */
| #define PACKAGE_NAME "libctf"
| #define PACKAGE_TARNAME "libctf"
| #define PACKAGE_VERSION "1.2.0"
| #define PACKAGE_STRING "libctf 1.2.0"
| #define PACKAGE_BUGREPORT ""
| #define PACKAGE_URL ""
| #define STDC_HEADERS 1
| #define HAVE_SYS_TYPES_H 1
| #define HAVE_SYS_STAT_H 1
| #define HAVE_STDLIB_H 1
| #define HAVE_STRING_H 1
| #define HAVE_MEMORY_H 1
| #define HAVE_STRINGS_H 1
| #define HAVE_INTTYPES_H 1
| #define HAVE_STDINT_H 1
| #define HAVE_UNISTD_H 1
| #define __EXTENSIONS__ 1
| #define _ALL_SOURCE 1
| #define _GNU_SOURCE 1
| #define _POSIX_PTHREAD_SEMANTICS 1
| #define _TANDEM_SOURCE 1
| #define PACKAGE "libctf"
| #define VERSION "1.2.0"
| #define ENABLE_NLS 1
| #define HAVE_DLFCN_H 1
| #define LT_OBJDIR ".libs/"
| #define HAVE_STDLIB_H 1
| #define HAVE_UNISTD_H 1
| #define HAVE_SYS_PARAM_H 1
| #define HAVE_GETPAGESIZE 1
| #define HAVE_MMAP 1
| #define HAVE_BFD_ELF 1
| /* end confdefs.h.  */
| #ifndef __APPLE_CC__
| 	       not a universal capable compiler
| 	     #endif
| 	     typedef int dummy;
| 
configure:14422: gcc -c -g -O2      conftest.c >&5
configure:14422: $? = 0
configure:14440: gcc -c -g -O2      conftest.c >&5
conftest.c: In function 'main':
conftest.c:42:18: error: unknown type name 'not'; did you mean 'ino_t'?
   42 |                  not big endian
      |                  ^~~
      |                  ino_t
conftest.c:42:26: error: expected '=', ',', ';', 'asm' or '__attribute__' before 'endian'
   42 |                  not big endian
      |                          ^~~~~~
configure:14440: $? = 1
configure: failed program was:
| /* confdefs.h */
| #define PACKAGE_NAME "libctf"
| #define PACKAGE_TARNAME "libctf"
| #define PACKAGE_VERSION "1.2.0"
| #define PACKAGE_STRING "libctf 1.2.0"
| #define PACKAGE_BUGREPORT ""
| #define PACKAGE_URL ""
| #define STDC_HEADERS 1
| #define HAVE_SYS_TYPES_H 1
| #define HAVE_SYS_STAT_H 1
| #define HAVE_STDLIB_H 1
| #define HAVE_STRING_H 1
| #define HAVE_MEMORY_H 1
| #define HAVE_STRINGS_H 1
| #define HAVE_INTTYPES_H 1
| #define HAVE_STDINT_H 1
| #define HAVE_UNISTD_H 1
| #define __EXTENSIONS__ 1
| #define _ALL_SOURCE 1
| #define _GNU_SOURCE 1
| #define _POSIX_PTHREAD_SEMANTICS 1
| #define _TANDEM_SOURCE 1
| #define PACKAGE "libctf"
| #define VERSION "1.2.0"
| #define ENABLE_NLS 1
| #define HAVE_DLFCN_H 1
| #define LT_OBJDIR ".libs/"
| #define HAVE_STDLIB_H 1
| #define HAVE_UNISTD_H 1
| #define HAVE_SYS_PARAM_H 1
| #define HAVE_GETPAGESIZE 1
| #define HAVE_MMAP 1
| #define HAVE_BFD_ELF 1
| /* end confdefs.h.  */
| #include <sys/types.h>
| 		#include <sys/param.h>
| 
| int
| main ()
| {
| #if BYTE_ORDER != BIG_ENDIAN
| 		 not big endian
| 		#endif
| 
|   ;
|   return 0;
| }
configure:14568: result: no
configure:14589: checking byteswap.h usability
configure:14589: gcc -c -g -O2      conftest.c >&5
configure:14589: $? = 0
configure:14589: result: yes
configure:14589: checking byteswap.h presence
configure:14589: gcc -E  conftest.c
configure:14589: $? = 0
configure:14589: result: yes
configure:14589: checking for byteswap.h
configure:14589: result: yes
configure:14589: checking endian.h usability
configure:14589: gcc -c -g -O2      conftest.c >&5
configure:14589: $? = 0
configure:14589: result: yes
configure:14589: checking endian.h presence
configure:14589: gcc -E  conftest.c
configure:14589: $? = 0
configure:14589: result: yes
configure:14589: checking for endian.h
configure:14589: result: yes
configure:14601: checking for pread
configure:14601: gcc -o conftest -g -O2        conftest.c  >&5
configure:14601: $? = 0
configure:14601: result: yes
configure:14611: checking whether bswap_16 is declared
configure:14611: gcc -c -g -O2      conftest.c >&5
configure:14611: $? = 0
configure:14611: result: yes
configure:14622: checking whether bswap_32 is declared
configure:14622: gcc -c -g -O2      conftest.c >&5
configure:14622: $? = 0
configure:14622: result: yes
configure:14633: checking whether bswap_64 is declared
configure:14633: gcc -c -g -O2      conftest.c >&5
configure:14633: $? = 0
configure:14633: result: yes
configure:14645: checking whether asprintf is declared
configure:14645: gcc -c -g -O2      conftest.c >&5
configure:14645: $? = 0
configure:14645: result: yes
configure:14655: checking whether vasprintf is declared
configure:14655: gcc -c -g -O2      conftest.c >&5
configure:14655: $? = 0
configure:14655: result: yes
configure:14665: checking whether stpcpy is declared
configure:14665: gcc -c -g -O2      conftest.c >&5
configure:14665: $? = 0
configure:14665: result: yes
configure:14683: checking for qsort_r
configure:14683: gcc -o conftest -g -O2        conftest.c  >&5
configure:14683: $? = 0
configure:14683: result: yes
configure:14696: checking for qsort_r signature
configure:14722: gcc -o conftest -g -O2        conftest.c  >&5
configure:14722: $? = 0
configure:14756: result: GNU
configure:14779: checking for O_CLOEXEC
configure:14799: gcc -o conftest -g -O2        conftest.c  >&5
configure:14799: $? = 0
configure:14807: result: yes
configure:14822: checking for makeinfo
configure:14849: result: makeinfo --split-size=5000000
configure:14927: checking for expect
configure:14945: found /usr/bin/expect
configure:14957: result: /usr/bin/expect
configure:14965: checking for Tcl supporting try/catch
configure:14976: result: yes
configure:14989: checking for linker versioning flags
configure:15004: gcc -o conftest -g -O2     -fPIC    -shared -Wl,--version-script=conftest.ver conftest.c  >&5
configure:15004: $? = 0
configure:15033: result: -Wl,--version-script='./libctf.ver'
configure:15114: updating cache ./config.cache
configure:15158: checking that generated files are newer than configure
configure:15164: result: done
configure:15212: creating ./config.status

## ---------------------- ##
## Running config.status. ##
## ---------------------- ##

This file was extended by libctf config.status 1.2.0, which was
generated by GNU Autoconf 2.69.  Invocation command line was

  CONFIG_FILES    = 
  CONFIG_HEADERS  = 
  CONFIG_LINKS    = 
  CONFIG_COMMANDS = 
  $ ./config.status 

on black-eagle

config.status:1138: creating Makefile
config.status:1138: creating config.h
config.status:1367: executing depfiles commands
config.status:1367: executing libtool commands

## ---------------- ##
## Cache variables. ##
## ---------------- ##

ac_cv_build=x86_64-pc-linux-gnu
ac_cv_c_bigendian=no
ac_cv_c_compiler_gnu=yes
ac_cv_env_CC_set=set
ac_cv_env_CC_value=gcc
ac_cv_env_CFLAGS_set=set
ac_cv_env_CFLAGS_value='-g -O2    '
ac_cv_env_CPPFLAGS_set=
ac_cv_env_CPPFLAGS_value=
ac_cv_env_CPP_set=
ac_cv_env_CPP_value=
ac_cv_env_LDFLAGS_set=set
ac_cv_env_LDFLAGS_value=' '
ac_cv_env_LIBS_set=
ac_cv_env_LIBS_value=
ac_cv_env_build_alias_set=set
ac_cv_env_build_alias_value=x86_64-pc-linux-gnu
ac_cv_env_host_alias_set=set
ac_cv_env_host_alias_value=x86_64-pc-linux-gnu
ac_cv_env_target_alias_set=set
ac_cv_env_target_alias_value=x86_64-pc-linux-gnu
ac_cv_func_getpagesize=yes
ac_cv_func_mmap_fixed_mapped=yes
ac_cv_func_pread=yes
ac_cv_func_qsort_r=yes
ac_cv_have_decl_asprintf=yes
ac_cv_have_decl_bswap_16=yes
ac_cv_have_decl_bswap_32=yes
ac_cv_have_decl_bswap_64=yes
ac_cv_have_decl_stpcpy=yes
ac_cv_have_decl_vasprintf=yes
ac_cv_header_byteswap_h=yes
ac_cv_header_dlfcn_h=yes
ac_cv_header_endian_h=yes
ac_cv_header_inttypes_h=yes
ac_cv_header_memory_h=yes
ac_cv_header_minix_config_h=no
ac_cv_header_stdc=yes
ac_cv_header_stdint_h=yes
ac_cv_header_stdlib_h=yes
ac_cv_header_string_h=yes
ac_cv_header_strings_h=yes
ac_cv_header_sys_param_h=yes
ac_cv_header_sys_stat_h=yes
ac_cv_header_sys_types_h=yes
ac_cv_header_unistd_h=yes
ac_cv_host=x86_64-pc-linux-gnu
ac_cv_libctf_bfd_elf=yes
ac_cv_libctf_macro_O_CLOEXEC=yes
ac_cv_libctf_qsort_r_signature=GNU
ac_cv_libctf_tcl_try=yes
ac_cv_libctf_version_script='-Wl,--version-script='\''./libctf.ver'\'''
ac_cv_objext=o
ac_cv_path_EGREP='/usr/bin/grep -E'
ac_cv_path_EXPECT=/usr/bin/expect
ac_cv_path_FGREP='/usr/bin/grep -F'
ac_cv_path_GREP=/usr/bin/grep
ac_cv_path_SED=/usr/bin/sed
ac_cv_path_mkdir=/usr/bin/mkdir
ac_cv_prog_ACLOCAL='${SHELL} /home/rumen/Coding/phantomuserland/gdb-13.1/missing aclocal-1.15'
ac_cv_prog_AR='ar --plugin /usr/lib/gcc/x86_64-linux-gnu/11/liblto_plugin.so'
ac_cv_prog_AUTOCONF='${SHELL} /home/rumen/Coding/phantomuserland/gdb-13.1/missing autoconf'
ac_cv_prog_AUTOHEADER='${SHELL} /home/rumen/Coding/phantomuserland/gdb-13.1/missing autoheader'
ac_cv_prog_AWK=gawk
ac_cv_prog_CC=gcc
ac_cv_prog_CPP='gcc -E'
ac_cv_prog_MAKEINFO='makeinfo --split-size=5000000'
ac_cv_prog_OBJDUMP=objdump
ac_cv_prog_RANLIB='ranlib --plugin /usr/lib/gcc/x86_64-linux-gnu/11/liblto_plugin.so'
ac_cv_prog_ac_ct_STRIP=strip
ac_cv_prog_cc_c89=
ac_cv_prog_cc_g=yes
ac_cv_prog_make_make_set=yes
ac_cv_safe_to_define___extensions__=yes
ac_cv_search_dlsym='none required'
ac_cv_sys_file_offset_bits=no
ac_cv_sys_largefile_CC=no
ac_cv_target=x86_64-pc-linux-gnu
acx_cv_prog_cc_pedantic__Wlong_long=yes
acx_cv_prog_cc_warning__W=yes
acx_cv_prog_cc_warning__Wall=yes
acx_cv_prog_cc_warning__Wmissing_format_attribute=yes
acx_cv_prog_cc_warning__Wmissing_prototypes=yes
acx_cv_prog_cc_warning__Wnarrowing=yes
acx_cv_prog_cc_warning__Wold_style_definition=yes
acx_cv_prog_cc_warning__Wstrict_prototypes=yes
acx_cv_prog_cc_warning__Wwrite_strings=yes
am_cv_CC_dependencies_compiler_type=gcc3
am_cv_ar_interface=ar
am_cv_make_support_nested_variables=yes
am_cv_prog_cc_c_o=yes
lt_cv_deplibs_check_method=pass_all
lt_cv_file_magic_cmd='$MAGIC_CMD'
lt_cv_file_magic_test_file=
lt_cv_ld_reload_flag=-r
lt_cv_nm_interface='BSD nm'
lt_cv_objdir=.libs
lt_cv_path_LD=ld
lt_cv_path_NM='/usr/bin/nm -B'
lt_cv_prog_compiler_c_o=yes
lt_cv_prog_compiler_pic_works=yes
lt_cv_prog_compiler_rtti_exceptions=no
lt_cv_prog_compiler_static_works=yes
lt_cv_prog_gnu_ld=yes
lt_cv_shlibpath_overrides_runpath=yes
lt_cv_sys_global_symbol_pipe='sed -n -e '\''s/^.*[	 ]\([ABCDGIRSTW][ABCDGIRSTW]*\)[	 ][	 ]*\([_A-Za-z][_A-Za-z0-9]*\)$/\1 \2 \2/p'\'''
lt_cv_sys_global_symbol_to_c_name_address='sed -n -e '\''s/^: \([^ ]*\) $/  {\"\1\", (void *) 0},/p'\'' -e '\''s/^[ABCDGIRSTW]* \([^ ]*\) \([^ ]*\)$/  {"\2", (void *) \&\2},/p'\'''
lt_cv_sys_global_symbol_to_c_name_address_lib_prefix='sed -n -e '\''s/^: \([^ ]*\) $/  {\"\1\", (void *) 0},/p'\'' -e '\''s/^[ABCDGIRSTW]* \([^ ]*\) \(lib[^ ]*\)$/  {"\2", (void *) \&\2},/p'\'' -e '\''s/^[ABCDGIRSTW]* \([^ ]*\) \([^ ]*\)$/  {"lib\2", (void *) \&\2},/p'\'''
lt_cv_sys_global_symbol_to_cdecl='sed -n -e '\''s/^T .* \(.*\)$/extern int \1();/p'\'' -e '\''s/^[ABCDGIRSTW]* .* \(.*\)$/extern char \1;/p'\'''
lt_cv_sys_max_cmd_len=1572864

## ----------------- ##
## Output variables. ##
## ----------------- ##

ACLOCAL='${SHELL} /home/rumen/Coding/phantomuserland/gdb-13.1/missing aclocal-1.15'
AMDEPBACKSLASH='\'
AMDEP_FALSE='#'
AMDEP_TRUE=''
AMTAR='$${TAR-tar}'
AM_BACKSLASH='\'
AM_DEFAULT_V='$(AM_DEFAULT_VERBOSITY)'
AM_DEFAULT_VERBOSITY='0'
AM_V='$(V)'
AR='ar --plugin /usr/lib/gcc/x86_64-linux-gnu/11/liblto_plugin.so --plugin /usr/lib/gcc/x86_64-linux-gnu/11/liblto_plugin.so'
AUTOCONF='${SHELL} /home/rumen/Coding/phantomuserland/gdb-13.1/missing autoconf'
AUTOHEADER='${SHELL} /home/rumen/Coding/phantomuserland/gdb-13.1/missing autoheader'
AUTOMAKE='${SHELL} /home/rumen/Coding/phantomuserland/gdb-13.1/missing automake-1.15'
AWK='gawk'
BUILD_INFO_FALSE='#'
BUILD_INFO_TRUE=''
CATALOGS=''
CATOBJEXT='.gmo'
CC='gcc'
CCDEPMODE='depmode=gcc3'
CFLAGS='-g -O2    '
CPP='gcc -E'
CPPFLAGS=''
CTF_LIBADD='-L/home/rumen/Coding/phantomuserland/gdb-13.1/libctf/../libiberty -liberty '
CYGPATH_W='echo'
DATADIRNAME='share'
DEFS='-DHAVE_CONFIG_H'
DEPDIR='.deps'
DSYMUTIL='dsymutil'
DUMPBIN=''
ECHO_C=''
ECHO_N='-n'
ECHO_T=''
EGREP='/usr/bin/grep -E'
ENABLE_LIBCTF_HASH_DEBUGGING_FALSE=''
ENABLE_LIBCTF_HASH_DEBUGGING_TRUE='#'
EXEEXT=''
EXPECT='/usr/bin/expect'
FGREP='/usr/bin/grep -F'
GENCAT='gencat'
GMSGFMT=':'
GREP='/usr/bin/grep'
INCINTL=''
INSTALL_DATA='/usr/bin/install -c -m 644'
INSTALL_LIBBFD_FALSE='#'
INSTALL_LIBBFD_TRUE=''
INSTALL_PROGRAM='/usr/bin/install -c'
INSTALL_SCRIPT='/usr/bin/install -c'
INSTALL_STRIP_PROGRAM='$(install_sh) -c -s'
INSTOBJEXT='.mo'
LD='ld -m elf_x86_64'
LDFLAGS=' '
LIBINTL=''
LIBINTL_DEP=''
LIBOBJS=''
LIBS=''
LIBTOOL='$(SHELL) $(top_builddir)/libtool'
LIPO=''
LN_S='ln -s'
LTLIBOBJS=''
MAINT='#'
MAINTAINER_MODE_FALSE=''
MAINTAINER_MODE_TRUE='#'
MAKEINFO='makeinfo --split-size=5000000'
MKDIR_P='/usr/bin/mkdir -p'
NEED_CTF_QSORT_R_FALSE=''
NEED_CTF_QSORT_R_TRUE='#'
NM='/usr/bin/nm -B'
NMEDIT=''
OBJDUMP='objdump'
OBJEXT='o'
OTOOL64=''
OTOOL='otool'
PACKAGE='libctf'
PACKAGE_BUGREPORT=''
PACKAGE_NAME='libctf'
PACKAGE_STRING='libctf 1.2.0'
PACKAGE_TARNAME='libctf'
PACKAGE_URL=''
PACKAGE_VERSION='1.2.0'
PATH_SEPARATOR=':'
POSUB='po'
RANLIB='ranlib --plugin /usr/lib/gcc/x86_64-linux-gnu/11/liblto_plugin.so --plugin /usr/lib/gcc/x86_64-linux-gnu/11/liblto_plugin.so'
SED='/usr/bin/sed'
SET_MAKE=''
SHARED_LDFLAGS=''
SHELL='/bin/bash'
STRIP='strip'
TCL_TRY_FALSE='#'
TCL_TRY_TRUE=''
USE_NLS='yes'
VERSION='1.2.0'
VERSION_FLAGS='-Wl,--version-script='\''./libctf.ver'\'''
VERSION_FLAGS_NOBFD='-Wl,--version-script='\''./libctf.ver'\'''
WARN_PEDANTIC='-pedantic -Wno-long-long'
WERROR=''
XGETTEXT=':'
ac_ct_AR=''
ac_ct_CC=''
ac_ct_DUMPBIN=''
ac_libctf_warn_cflags='-Wall'
am__EXEEXT_FALSE=''
am__EXEEXT_TRUE='#'
am__fastdepCC_FALSE='#'
am__fastdepCC_TRUE=''
am__include='include'
am__isrc=''
am__leading_dot='.'
am__nodep='_no'
am__quote=''
am__tar='$${TAR-tar} chof - "$$tardir"'
am__untar='$${TAR-tar} xf -'
bfdincludedir='$(includedir)'
bfdlibdir='$(libdir)'
bindir='${exec_prefix}/bin'
build='x86_64-pc-linux-gnu'
build_alias='x86_64-pc-linux-gnu'
build_cpu='x86_64'
build_os='linux-gnu'
build_vendor='pc'
c_warn='-Wstrict-prototypes -Wmissing-prototypes -Wold-style-definition'
datadir='${datarootdir}'
datarootdir='${prefix}/share'
docdir='${datarootdir}/doc/${PACKAGE_TARNAME}'
dvidir='${docdir}'
exec_prefix='${prefix}'
host='x86_64-pc-linux-gnu'
host_alias='x86_64-pc-linux-gnu'
host_cpu='x86_64'
host_noncanonical='x86_64-pc-linux-gnu'
host_os='linux-gnu'
host_vendor='pc'
htmldir='${docdir}'
includedir='${prefix}/include'
infodir='${datarootdir}/info'
install_sh='${SHELL} /home/rumen/Coding/phantomuserland/gdb-13.1/install-sh'
libdir='${exec_prefix}/lib'
libexecdir='${exec_prefix}/libexec'
localedir='${datarootdir}/locale'
localstatedir='${prefix}/var'
mandir='${datarootdir}/man'
mkdir_p='$(MKDIR_P)'
oldincludedir='/usr/include'
pdfdir='${docdir}'
prefix='/usr/local'
program_transform_name='s,y,y,'
psdir='${docdir}'
sbindir='${exec_prefix}/sbin'
sharedstatedir='${prefix}/com'
sysconfdir='${prefix}/etc'
target='x86_64-pc-linux-gnu'
target_alias='x86_64-pc-linux-gnu'
target_cpu='x86_64'
target_noncanonical='x86_64-pc-linux-gnu'
target_os='linux-gnu'
target_vendor='pc'
warn='-W -Wall -Wno-narrowing -Wwrite-strings -Wmissing-format-attribute'
zlibdir='-L$(top_builddir)/../zlib'
zlibinc='-I$(top_srcdir)/../zlib'

## ----------- ##
## confdefs.h. ##
## ----------- ##

/* confdefs.h */
#define PACKAGE_NAME "libctf"
#define PACKAGE_TARNAME "libctf"
#define PACKAGE_VERSION "1.2.0"
#define PACKAGE_STRING "libctf 1.2.0"
#define PACKAGE_BUGREPORT ""
#define PACKAGE_URL ""
#define STDC_HEADERS 1
#define HAVE_SYS_TYPES_H 1
#define HAVE_SYS_STAT_H 1
#define HAVE_STDLIB_H 1
#define HAVE_STRING_H 1
#define HAVE_MEMORY_H 1
#define HAVE_STRINGS_H 1
#define HAVE_INTTYPES_H 1
#define HAVE_STDINT_H 1
#define HAVE_UNISTD_H 1
#define __EXTENSIONS__ 1
#define _ALL_SOURCE 1
#define _GNU_SOURCE 1
#define _POSIX_PTHREAD_SEMANTICS 1
#define _TANDEM_SOURCE 1
#define PACKAGE "libctf"
#define VERSION "1.2.0"
#define ENABLE_NLS 1
#define HAVE_DLFCN_H 1
#define LT_OBJDIR ".libs/"
#define HAVE_STDLIB_H 1
#define HAVE_UNISTD_H 1
#define HAVE_SYS_PARAM_H 1
#define HAVE_GETPAGESIZE 1
#define HAVE_MMAP 1
#define HAVE_BFD_ELF 1
#define HAVE_BYTESWAP_H 1
#define HAVE_ENDIAN_H 1
#define HAVE_PREAD 1
#define HAVE_DECL_BSWAP_16 1
#define HAVE_DECL_BSWAP_32 1
#define HAVE_DECL_BSWAP_64 1
#define HAVE_DECL_ASPRINTF 1
#define HAVE_DECL_VASPRINTF 1
#define HAVE_DECL_STPCPY 1
#define HAVE_QSORT_R 1
#define HAVE_QSORT_R_ARG_LAST 1
#define HAVE_O_CLOEXEC 1

configure: exit 0
