This file contains any messages produced by compilers while
running configure, to aid debugging if configure makes a mistake.

It was created by libsframe configure BFD_VERSION, which was
generated by GNU Autoconf 2.69.  Invocation command line was

  $ /home/rumen/Coding/phantomuserland/gdb-13.1/libsframe/configure --srcdir=.././libsframe --cache-file=./config.cache --program-transform-name=s,y,y, --disable-option-checking --disable-year2038 --build=x86_64-pc-linux-gnu --host=x86_64-pc-linux-gnu --target=x86_64-pc-linux-gnu

## --------- ##
## Platform. ##
## --------- ##

hostname = black-eagle
uname -m = x86_64
uname -r = 6.6.56_2
uname -s = Linux
uname -v = #1 SMP PREEMPT_DYNAMIC Tue Oct 15 02:54:10 UTC 2024

/usr/bin/uname -p = x86_64
/bin/uname -X     = unknown

/bin/arch              = x86_64
/usr/bin/arch -k       = unknown
/usr/convex/getsysinfo = unknown
/usr/bin/hostinfo      = unknown
/bin/machine           = unknown
/usr/bin/oslevel       = unknown
/bin/universe          = unknown

PATH: /home/rumen/.cargo/bin
PATH: /home/rumen/.cargo/bin
PATH: /usr/local/sbin
PATH: /usr/local/bin
PATH: /usr/sbin
PATH: /usr/bin
PATH: /sbin
PATH: /bin
PATH: /home/rumen/Coding/phantomuserland/goa/bin
PATH: /home/rumen/Coding/phantomuserland/goa/bin


## ----------- ##
## Core tests. ##
## ----------- ##

configure:2190: creating cache ./config.cache
configure:2310: checking for x86_64-pc-linux-gnu-gcc
configure:2337: result: gcc
configure:2606: checking for C compiler version
configure:2615: gcc --version >&5
gcc (Ubuntu 11.4.0-1ubuntu1~22.04) 11.4.0
Copyright (C) 2021 Free Software Foundation, Inc.
This is free software; see the source for copying conditions.  There is NO
warranty; not even for MERCHANTABILITY or FITNESS FOR A PARTICULAR PURPOSE.

configure:2626: $? = 0
configure:2615: gcc -v >&5
Using built-in specs.
COLLECT_GCC=gcc
COLLECT_LTO_WRAPPER=/usr/lib/gcc/x86_64-linux-gnu/11/lto-wrapper
OFFLOAD_TARGET_NAMES=nvptx-none:amdgcn-amdhsa
OFFLOAD_TARGET_DEFAULT=1
Target: x86_64-linux-gnu
Configured with: ../src/configure -v --with-pkgversion='Ubuntu 11.4.0-1ubuntu1~22.04' --with-bugurl=file:///usr/share/doc/gcc-11/README.Bugs --enable-languages=c,ada,c++,go,brig,d,fortran,objc,obj-c++,m2 --prefix=/usr --with-gcc-major-version-only --program-suffix=-11 --program-prefix=x86_64-linux-gnu- --enable-shared --enable-linker-build-id --libexecdir=/usr/lib --without-included-gettext --enable-threads=posix --libdir=/usr/lib --enable-nls --enable-bootstrap --enable-clocale=gnu --enable-libstdcxx-debug --enable-libstdcxx-time=yes --with-default-libstdcxx-abi=new --enable-gnu-unique-object --disable-vtable-verify --enable-plugin --enable-default-pie --with-system-zlib --enable-libphobos-checking=release --with-target-system-zlib=auto --enable-objc-gc=auto --enable-multiarch --disable-werror --enable-cet --with-arch-32=i686 --with-abi=m64 --with-multilib-list=m32,m64,mx32 --enable-multilib --with-tune=generic --enable-offload-targets=nvptx-none=/build/gcc-11-XeT9lY/gcc-11-11.4.0/debian/tmp-nvptx/usr,amdgcn-amdhsa=/build/gcc-11-XeT9lY/gcc-11-11.4.0/debian/tmp-gcn/usr --without-cuda-driver --enable-checking=release --build=x86_64-linux-gnu --host=x86_64-linux-gnu --target=x86_64-linux-gnu --with-build-config=bootstrap-lto-lean --enable-link-serialization=2
Thread model: posix
Supported LTO compression algorithms: zlib zstd
gcc version 11.4.0 (Ubuntu 11.4.0-1ubuntu1~22.04) 
... rest of stderr output deleted ...
configure:2626: $? = 0
configure:2615: gcc -V >&5
gcc: error: unrecognized command-line option '-V'
gcc: fatal error: no input files
compilation terminated.
configure:2626: $? = 1
configure:2615: gcc -qversion >&5
gcc: error: unrecognized command-line option '-qversion'; did you mean '--version'?
gcc: fatal error: no input files
compilation terminated.
configure:2626: $? = 1
configure:2646: checking whether the C compiler works
configure:2668: gcc -g -O2        conftest.c  >&5
configure:2672: $? = 0
configure:2720: result: yes
configure:2723: checking for C compiler default output file name
configure:2725: result: a.out
configure:2731: checking for suffix of executables
configure:2738: gcc -o conftest -g -O2        conftest.c  >&5
configure:2742: $? = 0
configure:2764: result: 
configure:2786: checking whether we are cross compiling
configure:2794: gcc -o conftest -g -O2        conftest.c  >&5
configure:2798: $? = 0
configure:2805: ./conftest
configure:2809: $? = 0
configure:2824: result: no
configure:2829: checking for suffix of object files
configure:2851: gcc -c -g -O2      conftest.c >&5
configure:2855: $? = 0
configure:2876: result: o
configure:2880: checking whether we are using the GNU C compiler
configure:2899: gcc -c -g -O2      conftest.c >&5
configure:2899: $? = 0
configure:2908: result: yes
configure:2917: checking whether gcc accepts -g
configure:2937: gcc -c -g  conftest.c >&5
configure:2937: $? = 0
configure:2978: result: yes
configure:2995: checking for gcc option to accept ISO C89
configure:3058: gcc  -c -g -O2      conftest.c >&5
configure:3058: $? = 0
configure:3071: result: none needed
configure:3096: checking whether gcc understands -c and -o together
configure:3118: gcc -c conftest.c -o conftest2.o
configure:3121: $? = 0
configure:3118: gcc -c conftest.c -o conftest2.o
configure:3121: $? = 0
configure:3133: result: yes
configure:3156: checking how to run the C preprocessor
configure:3187: gcc -E  conftest.c
configure:3187: $? = 0
configure:3201: gcc -E  conftest.c
conftest.c:9:10: fatal error: ac_nonexistent.h: No such file or directory
    9 | #include <ac_nonexistent.h>
      |          ^~~~~~~~~~~~~~~~~~
compilation terminated.
configure:3201: $? = 1
configure: failed program was:
| /* confdefs.h */
| #define PACKAGE_NAME "libsframe"
| #define PACKAGE_TARNAME "libsframe"
| #define PACKAGE_VERSION "BFD_VERSION"
| #define PACKAGE_STRING "libsframe BFD_VERSION"
| #define PACKAGE_BUGREPORT ""
| #define PACKAGE_URL ""
| /* end confdefs.h.  */
| #include <ac_nonexistent.h>
configure:3226: result: gcc -E
configure:3246: gcc -E  conftest.c
configure:3246: $? = 0
configure:3260: gcc -E  conftest.c
conftest.c:9:10: fatal error: ac_nonexistent.h: No such file or directory
    9 | #include <ac_nonexistent.h>
      |          ^~~~~~~~~~~~~~~~~~
compilation terminated.
configure:3260: $? = 1
configure: failed program was:
| /* confdefs.h */
| #define PACKAGE_NAME "libsframe"
| #define PACKAGE_TARNAME "libsframe"
| #define PACKAGE_VERSION "BFD_VERSION"
| #define PACKAGE_STRING "libsframe BFD_VERSION"
| #define PACKAGE_BUGREPORT ""
| #define PACKAGE_URL ""
| /* end confdefs.h.  */
| #include <ac_nonexistent.h>
configure:3289: checking for grep that handles long lines and -e
configure:3347: result: /usr/bin/grep
configure:3352: checking for egrep
configure:3414: result: /usr/bin/grep -E
configure:3419: checking for ANSI C header files
configure:3439: gcc -c -g -O2      conftest.c >&5
configure:3439: $? = 0
configure:3512: gcc -o conftest -g -O2        conftest.c  >&5
configure:3512: $? = 0
configure:3512: ./conftest
configure:3512: $? = 0
configure:3523: result: yes
configure:3536: checking for sys/types.h
configure:3536: gcc -c -g -O2      conftest.c >&5
configure:3536: $? = 0
configure:3536: result: yes
configure:3536: checking for sys/stat.h
configure:3536: gcc -c -g -O2      conftest.c >&5
configure:3536: $? = 0
configure:3536: result: yes
configure:3536: checking for stdlib.h
configure:3536: gcc -c -g -O2      conftest.c >&5
configure:3536: $? = 0
configure:3536: result: yes
configure:3536: checking for string.h
configure:3536: gcc -c -g -O2      conftest.c >&5
configure:3536: $? = 0
configure:3536: result: yes
configure:3536: checking for memory.h
configure:3536: gcc -c -g -O2      conftest.c >&5
configure:3536: $? = 0
configure:3536: result: yes
configure:3536: checking for strings.h
configure:3536: gcc -c -g -O2      conftest.c >&5
configure:3536: $? = 0
configure:3536: result: yes
configure:3536: checking for inttypes.h
configure:3536: gcc -c -g -O2      conftest.c >&5
configure:3536: $? = 0
configure:3536: result: yes
configure:3536: checking for stdint.h
configure:3536: gcc -c -g -O2      conftest.c >&5
configure:3536: $? = 0
configure:3536: result: yes
configure:3536: checking for unistd.h
configure:3536: gcc -c -g -O2      conftest.c >&5
configure:3536: $? = 0
configure:3536: result: yes
configure:3549: checking minix/config.h usability
configure:3549: gcc -c -g -O2      conftest.c >&5
conftest.c:52:10: fatal error: minix/config.h: No such file or directory
   52 | #include <minix/config.h>
      |          ^~~~~~~~~~~~~~~~
compilation terminated.
configure:3549: $? = 1
configure: failed program was:
| /* confdefs.h */
| #define PACKAGE_NAME "libsframe"
| #define PACKAGE_TARNAME "libsframe"
| #define PACKAGE_VERSION "BFD_VERSION"
| #define PACKAGE_STRING "libsframe BFD_VERSION"
| #define PACKAGE_BUGREPORT ""
| #define PACKAGE_URL ""
| #define STDC_HEADERS 1
| #define HAVE_SYS_TYPES_H 1
| #define HAVE_SYS_STAT_H 1
| #define HAVE_STDLIB_H 1
| #define HAVE_STRING_H 1
| #define HAVE_MEMORY_H 1
| #define HAVE_STRINGS_H 1
| #define HAVE_INTTYPES_H 1
| #define HAVE_STDINT_H 1
| #define HAVE_UNISTD_H 1
| /* end confdefs.h.  */
| #include <stdio.h>
| #ifdef HAVE_SYS_TYPES_H
| # include <sys/types.h>
| #endif
| #ifdef HAVE_SYS_STAT_H
| # include <sys/stat.h>
| #endif
| #ifdef STDC_HEADERS
| # include <stdlib.h>
| # include <stddef.h>
| #else
| # ifdef HAVE_STDLIB_H
| #  include <stdlib.h>
| # endif
| #endif
| #ifdef HAVE_STRING_H
| # if !defined STDC_HEADERS && defined HAVE_MEMORY_H
| #  include <memory.h>
| # endif
| # include <string.h>
| #endif
| #ifdef HAVE_STRINGS_H
| # include <strings.h>
| #endif
| #ifdef HAVE_INTTYPES_H
| # include <inttypes.h>
| #endif
| #ifdef HAVE_STDINT_H
| # include <stdint.h>
| #endif
| #ifdef HAVE_UNISTD_H
| # include <unistd.h>
| #endif
| #include <minix/config.h>
configure:3549: result: no
configure:3549: checking minix/config.h presence
configure:3549: gcc -E  conftest.c
conftest.c:19:10: fatal error: minix/config.h: No such file or directory
   19 | #include <minix/config.h>
      |          ^~~~~~~~~~~~~~~~
compilation terminated.
configure:3549: $? = 1
configure: failed program was:
| /* confdefs.h */
| #define PACKAGE_NAME "libsframe"
| #define PACKAGE_TARNAME "libsframe"
| #define PACKAGE_VERSION "BFD_VERSION"
| #define PACKAGE_STRING "libsframe BFD_VERSION"
| #define PACKAGE_BUGREPORT ""
| #define PACKAGE_URL ""
| #define STDC_HEADERS 1
| #define HAVE_SYS_TYPES_H 1
| #define HAVE_SYS_STAT_H 1
| #define HAVE_STDLIB_H 1
| #define HAVE_STRING_H 1
| #define HAVE_MEMORY_H 1
| #define HAVE_STRINGS_H 1
| #define HAVE_INTTYPES_H 1
| #define HAVE_STDINT_H 1
| #define HAVE_UNISTD_H 1
| /* end confdefs.h.  */
| #include <minix/config.h>
configure:3549: result: no
configure:3549: checking for minix/config.h
configure:3549: result: no
configure:3570: checking whether it is safe to define __EXTENSIONS__
configure:3588: gcc -c -g -O2      conftest.c >&5
configure:3588: $? = 0
configure:3595: result: yes
configure:3625: checking for a BSD-compatible install
configure:3693: result: /usr/bin/install -c
configure:3704: checking whether build environment is sane
configure:3759: result: yes
configure:3907: checking for a thread-safe mkdir -p
configure:3946: result: /usr/bin/mkdir -p
configure:3953: checking for gawk
configure:3980: result: gawk
configure:3991: checking whether make sets $(MAKE)
configure:4013: result: yes
configure:4043: checking for style of include used by make
configure:4071: result: GNU
configure:4105: checking whether make supports nested variables
configure:4122: result: yes
configure:4207: checking dependency style of gcc
configure:4318: result: gcc3
configure:4378: checking whether make sets $(MAKE)
configure:4400: result: yes
configure:4417: checking for x86_64-pc-linux-gnu-gcc
configure:4444: result: gcc
configure:4713: checking for C compiler version
configure:4722: gcc --version >&5
gcc (Ubuntu 11.4.0-1ubuntu1~22.04) 11.4.0
Copyright (C) 2021 Free Software Foundation, Inc.
This is free software; see the source for copying conditions.  There is NO
warranty; not even for MERCHANTABILITY or FITNESS FOR A PARTICULAR PURPOSE.

configure:4733: $? = 0
configure:4722: gcc -v >&5
Using built-in specs.
COLLECT_GCC=gcc
COLLECT_LTO_WRAPPER=/usr/lib/gcc/x86_64-linux-gnu/11/lto-wrapper
OFFLOAD_TARGET_NAMES=nvptx-none:amdgcn-amdhsa
OFFLOAD_TARGET_DEFAULT=1
Target: x86_64-linux-gnu
Configured with: ../src/configure -v --with-pkgversion='Ubuntu 11.4.0-1ubuntu1~22.04' --with-bugurl=file:///usr/share/doc/gcc-11/README.Bugs --enable-languages=c,ada,c++,go,brig,d,fortran,objc,obj-c++,m2 --prefix=/usr --with-gcc-major-version-only --program-suffix=-11 --program-prefix=x86_64-linux-gnu- --enable-shared --enable-linker-build-id --libexecdir=/usr/lib --without-included-gettext --enable-threads=posix --libdir=/usr/lib --enable-nls --enable-bootstrap --enable-clocale=gnu --enable-libstdcxx-debug --enable-libstdcxx-time=yes --with-default-libstdcxx-abi=new --enable-gnu-unique-object --disable-vtable-verify --enable-plugin --enable-default-pie --with-system-zlib --enable-libphobos-checking=release --with-target-system-zlib=auto --enable-objc-gc=auto --enable-multiarch --disable-werror --enable-cet --with-arch-32=i686 --with-abi=m64 --with-multilib-list=m32,m64,mx32 --enable-multilib --with-tune=generic --enable-offload-targets=nvptx-none=/build/gcc-11-XeT9lY/gcc-11-11.4.0/debian/tmp-nvptx/usr,amdgcn-amdhsa=/build/gcc-11-XeT9lY/gcc-11-11.4.0/debian/tmp-gcn/usr --without-cuda-driver --enable-checking=release --build=x86_64-linux-gnu --host=x86_64-linux-gnu --target=x86_64-linux-gnu --with-build-config=bootstrap-lto-lean --enable-link-serialization=2
Thread model: posix
Supported LTO compression algorithms: zlib zstd
gcc version 11.4.0 (Ubuntu 11.4.0-1ubuntu1~22.04) 
... rest of stderr output deleted ...
configure:4733: $? = 0
configure:4722: gcc -V >&5
gcc: error: unrecognized command-line option '-V'
gcc: fatal error: no input files
compilation terminated.
configure:4733: $? = 1
configure:4722: gcc -qversion >&5
gcc: error: unrecognized command-line option '-qversion'; did you mean '--version'?
gcc: fatal error: no input files
compilation terminated.
configure:4733: $? = 1
configure:4737: checking whether we are using the GNU C compiler
configure:4765: result: yes
configure:4774: checking whether gcc accepts -g
configure:4835: result: yes
configure:4852: checking for gcc option to accept ISO C89
configure:4928: result: none needed
configure:4953: checking whether gcc understands -c and -o together
configure:4990: result: yes
configure:5010: checking for x86_64-pc-linux-gnu-ranlib
configure:5037: result: ranlib --plugin /usr/lib/gcc/x86_64-linux-gnu/11/liblto_plugin.so
configure:5104: checking for x86_64-pc-linux-gnu-ar
configure:5131: result: ar --plugin /usr/lib/gcc/x86_64-linux-gnu/11/liblto_plugin.so
configure:5201: checking the archiver (ar --plugin /usr/lib/gcc/x86_64-linux-gnu/11/liblto_plugin.so) interface
configure:5217: gcc -c -g -O2      conftest.c >&5
configure:5217: $? = 0
configure:5219: ar --plugin /usr/lib/gcc/x86_64-linux-gnu/11/liblto_plugin.so cru libconftest.a conftest.o >&5
ar: `u' modifier ignored since `D' is the default (see `U')
configure:5222: $? = 0
configure:5250: result: ar
configure:5332: checking build system type
configure:5346: result: x86_64-pc-linux-gnu
configure:5366: checking host system type
configure:5379: result: x86_64-pc-linux-gnu
configure:5420: checking how to print strings
configure:5447: result: printf
configure:5468: checking for a sed that does not truncate output
configure:5532: result: /usr/bin/sed
configure:5550: checking for fgrep
configure:5612: result: /usr/bin/grep -F
configure:5647: checking for ld used by gcc
configure:5714: result: ld
configure:5721: checking if the linker (ld) is GNU ld
configure:5736: result: yes
configure:5748: checking for BSD- or MS-compatible name lister (nm)
configure:5804: result: /usr/bin/nm -B
configure:5934: checking the name lister (/usr/bin/nm -B) interface
configure:5941: gcc -c -g -O2      conftest.c >&5
configure:5944: /usr/bin/nm -B "conftest.o"
configure:5947: output
0000000000000000 B some_variable
configure:5954: result: BSD nm
configure:5957: checking whether ln -s works
configure:5961: result: yes
configure:5969: checking the maximum length of command line arguments
configure:6094: result: 1572864
configure:6111: checking whether the shell understands some XSI constructs
configure:6121: result: yes
configure:6125: checking whether the shell understands "+="
configure:6131: result: yes
configure:6166: checking for ld option to reload object files
configure:6173: result: -r
configure:6202: checking for x86_64-pc-linux-gnu-objdump
configure:6229: result: objdump
configure:6301: checking how to recognize dependent libraries
configure:6502: result: pass_all
configure:6535: checking for x86_64-pc-linux-gnu-ar
configure:6562: result: ar --plugin /usr/lib/gcc/x86_64-linux-gnu/11/liblto_plugin.so
configure:6653: checking for x86_64-pc-linux-gnu-strip
configure:6683: result: no
configure:6693: checking for strip
configure:6709: found /usr/bin/strip
configure:6720: result: strip
configure:6752: checking for x86_64-pc-linux-gnu-ranlib
configure:6779: result: ranlib --plugin /usr/lib/gcc/x86_64-linux-gnu/11/liblto_plugin.so
configure:6926: checking command to parse /usr/bin/nm -B output from gcc object
configure:7044: gcc -c -g -O2      conftest.c >&5
configure:7047: $? = 0
configure:7051: /usr/bin/nm -B conftest.o \| sed -n -e 's/^.*[ ]\([ABCDGIRSTW][ABCDGIRSTW]*\)[ ][ ]*\([_A-Za-z][_A-Za-z0-9]*\)$/\1 \2 \2/p' \> conftest.nm
configure:7054: $? = 0
configure:7108: gcc -o conftest -g -O2        conftest.c conftstm.o >&5
configure:7111: $? = 0
configure:7149: result: ok
configure:7244: gcc -c -g -O2      conftest.c >&5
configure:7247: $? = 0
configure:7997: checking for dlfcn.h
configure:7997: gcc -c -g -O2      conftest.c >&5
configure:7997: $? = 0
configure:7997: result: yes
configure:8154: checking for objdir
configure:8169: result: .libs
configure:8440: checking if gcc supports -fno-rtti -fno-exceptions
configure:8458: gcc -c -g -O2      -fno-rtti -fno-exceptions conftest.c >&5
cc1: warning: command-line option '-fno-rtti' is valid for C++/D/ObjC++ but not for C
configure:8462: $? = 0
configure:8475: result: no
configure:8495: checking for gcc option to produce PIC
configure:8781: result: -fPIC -DPIC
configure:8793: checking if gcc PIC flag -fPIC -DPIC works
configure:8811: gcc -c -g -O2      -fPIC -DPIC -DPIC conftest.c >&5
configure:8815: $? = 0
configure:8828: result: yes
configure:8852: checking if gcc static flag -static works
configure:8880: result: yes
configure:8895: checking if gcc supports -c -o file.o
configure:8916: gcc -c -g -O2      -o out/conftest2.o conftest.c >&5
configure:8920: $? = 0
configure:8942: result: yes
configure:8950: checking if gcc supports -c -o file.o
configure:8997: result: yes
configure:9030: checking whether the gcc linker (ld -m elf_x86_64) supports shared libraries
configure:10101: result: yes
configure:10346: checking dynamic linker characteristics
configure:10787: gcc -o conftest -g -O2        -Wl,-rpath -Wl,/foo conftest.c  >&5
configure:10787: $? = 0
configure:11009: result: GNU/Linux ld.so
configure:11116: checking how to hardcode library paths into programs
configure:11141: result: immediate
configure:11681: checking whether stripping libraries is possible
configure:11686: result: yes
configure:11721: checking if libtool supports shared libraries
configure:11723: result: yes
configure:11726: checking whether to build shared libraries
configure:11747: result: no
configure:11750: checking whether to build static libraries
configure:11754: result: yes
configure:11796: checking for special C compiler options needed for large files
configure:11841: result: no
configure:11847: checking for _FILE_OFFSET_BITS value needed for large files
configure:11872: gcc -c -g -O2      conftest.c >&5
configure:11872: $? = 0
configure:11904: result: no
configure:11995: checking for aclocal
configure:12022: result: ${SHELL} /home/rumen/Coding/phantomuserland/gdb-13.1/missing aclocal-1.15
configure:12038: checking for autoconf
configure:12065: result: ${SHELL} /home/rumen/Coding/phantomuserland/gdb-13.1/missing autoconf
configure:12081: checking for autoheader
configure:12108: result: ${SHELL} /home/rumen/Coding/phantomuserland/gdb-13.1/missing autoheader
configure:12141: checking whether gcc supports -Wall
configure:12158: gcc -c -Wall  conftest.c >&5
configure:12158: $? = 0
configure:12167: result: yes
configure:12141: checking whether gcc supports -Wextra
configure:12158: gcc -c -Wextra  conftest.c >&5
configure:12158: $? = 0
configure:12167: result: yes
configure:12141: checking whether gcc supports -Wwrite-strings
configure:12158: gcc -c -Wwrite-strings  conftest.c >&5
configure:12158: $? = 0
configure:12167: result: yes
configure:12141: checking whether gcc supports -Wmissing-format-attribute
configure:12158: gcc -c -Wmissing-format-attribute  conftest.c >&5
configure:12158: $? = 0
configure:12167: result: yes
configure:12141: checking whether gcc supports -Wstrict-prototypes
configure:12158: gcc -c -Wstrict-prototypes  conftest.c >&5
conftest.c:30:1: warning: function declaration isn't a prototype [-Wstrict-prototypes]
   30 | main ()
      | ^~~~
configure:12158: $? = 0
configure:12167: result: yes
configure:12141: checking whether gcc supports -Wmissing-prototypes
configure:12158: gcc -c -Wmissing-prototypes  conftest.c >&5
configure:12158: $? = 0
configure:12167: result: yes
configure:12184: checking for incompatibility between DejaGnu and GCC
configure:12186: result: 
configure:12201: gcc -o conftest -g -O2        conftest.c  >&5
conftest.c:28:10: fatal error: dejagnu.h: No such file or directory
   28 | #include <dejagnu.h>
      |          ^~~~~~~~~~~
compilation terminated.
configure:12201: $? = 1
configure: failed program was:
| /* confdefs.h */
| #define PACKAGE_NAME "libsframe"
| #define PACKAGE_TARNAME "libsframe"
| #define PACKAGE_VERSION "BFD_VERSION"
| #define PACKAGE_STRING "libsframe BFD_VERSION"
| #define PACKAGE_BUGREPORT ""
| #define PACKAGE_URL ""
| #define STDC_HEADERS 1
| #define HAVE_SYS_TYPES_H 1
| #define HAVE_SYS_STAT_H 1
| #define HAVE_STDLIB_H 1
| #define HAVE_STRING_H 1
| #define HAVE_MEMORY_H 1
| #define HAVE_STRINGS_H 1
| #define HAVE_INTTYPES_H 1
| #define HAVE_STDINT_H 1
| #define HAVE_UNISTD_H 1
| #define __EXTENSIONS__ 1
| #define _ALL_SOURCE 1
| #define _GNU_SOURCE 1
| #define _POSIX_PTHREAD_SEMANTICS 1
| #define _TANDEM_SOURCE 1
| #define PACKAGE "libsframe"
| #define VERSION "BFD_VERSION"
| #define HAVE_DLFCN_H 1
| #define LT_OBJDIR ".libs/"
| /* end confdefs.h.  */
| #include <dejagnu.h>
| int
| main ()
| {
| pass ("test foo");
| 	       return 0;
|   ;
|   return 0;
| }
configure:12208: result: no
configure:12233: checking for makeinfo
configure:12260: result: makeinfo --split-size=5000000
configure:12300: checking whether to enable maintainer-specific portions of Makefiles
configure:12309: result: no
configure:12337: checking whether to install libbfd
configure:12350: result: yes
configure:12385: checking for stdlib.h
configure:12385: result: yes
configure:12385: checking for unistd.h
configure:12385: result: yes
configure:12385: checking for sys/param.h
configure:12385: gcc -c -g -O2      conftest.c >&5
configure:12385: $? = 0
configure:12385: result: yes
configure:12405: checking for getpagesize
configure:12405: gcc -o conftest -g -O2        conftest.c  >&5
configure:12405: $? = 0
configure:12405: result: yes
configure:12414: checking for working mmap
configure:12561: gcc -o conftest -g -O2        conftest.c  >&5
configure:12561: $? = 0
configure:12561: ./conftest
configure:12561: $? = 0
configure:12571: result: yes
configure:12583: checking byteswap.h usability
configure:12583: gcc -c -g -O2      conftest.c >&5
configure:12583: $? = 0
configure:12583: result: yes
configure:12583: checking byteswap.h presence
configure:12583: gcc -E  conftest.c
configure:12583: $? = 0
configure:12583: result: yes
configure:12583: checking for byteswap.h
configure:12583: result: yes
configure:12583: checking endian.h usability
configure:12583: gcc -c -g -O2      conftest.c >&5
configure:12583: $? = 0
configure:12583: result: yes
configure:12583: checking endian.h presence
configure:12583: gcc -E  conftest.c
configure:12583: $? = 0
configure:12583: result: yes
configure:12583: checking for endian.h
configure:12583: result: yes
configure:12594: checking whether bswap_16 is declared
configure:12594: gcc -c -g -O2      conftest.c >&5
configure:12594: $? = 0
configure:12594: result: yes
configure:12605: checking whether bswap_32 is declared
configure:12605: gcc -c -g -O2      conftest.c >&5
configure:12605: $? = 0
configure:12605: result: yes
configure:12616: checking whether bswap_64 is declared
configure:12616: gcc -c -g -O2      conftest.c >&5
configure:12616: $? = 0
configure:12616: result: yes
configure:12690: updating cache ./config.cache
configure:12734: checking that generated files are newer than configure
configure:12740: result: done
configure:12779: creating ./config.status

## ---------------------- ##
## Running config.status. ##
## ---------------------- ##

This file was extended by libsframe config.status BFD_VERSION, which was
generated by GNU Autoconf 2.69.  Invocation command line was

  CONFIG_FILES    = 
  CONFIG_HEADERS  = 
  CONFIG_LINKS    = 
  CONFIG_COMMANDS = 
  $ ./config.status 

on black-eagle

config.status:1098: creating Makefile
config.status:1098: creating config.h
config.status:1327: executing depfiles commands
config.status:1327: executing libtool commands

## ---------------- ##
## Cache variables. ##
## ---------------- ##

ac_cv_build=x86_64-pc-linux-gnu
ac_cv_c_compiler_gnu=yes
ac_cv_dejagnu_compat=no
ac_cv_env_CC_set=set
ac_cv_env_CC_value=gcc
ac_cv_env_CFLAGS_set=set
ac_cv_env_CFLAGS_value='-g -O2    '
ac_cv_env_CPPFLAGS_set=
ac_cv_env_CPPFLAGS_value=
ac_cv_env_CPP_set=
ac_cv_env_CPP_value=
ac_cv_env_LDFLAGS_set=set
ac_cv_env_LDFLAGS_value=' '
ac_cv_env_LIBS_set=
ac_cv_env_LIBS_value=
ac_cv_env_build_alias_set=set
ac_cv_env_build_alias_value=x86_64-pc-linux-gnu
ac_cv_env_host_alias_set=set
ac_cv_env_host_alias_value=x86_64-pc-linux-gnu
ac_cv_env_target_alias_set=set
ac_cv_env_target_alias_value=x86_64-pc-linux-gnu
ac_cv_func_getpagesize=yes
ac_cv_func_mmap_fixed_mapped=yes
ac_cv_have_decl_bswap_16=yes
ac_cv_have_decl_bswap_32=yes
ac_cv_have_decl_bswap_64=yes
ac_cv_header_byteswap_h=yes
ac_cv_header_dlfcn_h=yes
ac_cv_header_endian_h=yes
ac_cv_header_inttypes_h=yes
ac_cv_header_memory_h=yes
ac_cv_header_minix_config_h=no
ac_cv_header_stdc=yes
ac_cv_header_stdint_h=yes
ac_cv_header_stdlib_h=yes
ac_cv_header_string_h=yes
ac_cv_header_strings_h=yes
ac_cv_header_sys_param_h=yes
ac_cv_header_sys_stat_h=yes
ac_cv_header_sys_types_h=yes
ac_cv_header_unistd_h=yes
ac_cv_host=x86_64-pc-linux-gnu
ac_cv_objext=o
ac_cv_path_EGREP='/usr/bin/grep -E'
ac_cv_path_FGREP='/usr/bin/grep -F'
ac_cv_path_GREP=/usr/bin/grep
ac_cv_path_SED=/usr/bin/sed
ac_cv_path_mkdir=/usr/bin/mkdir
ac_cv_prog_ACLOCAL='${SHELL} /home/rumen/Coding/phantomuserland/gdb-13.1/missing aclocal-1.15'
ac_cv_prog_AR='ar --plugin /usr/lib/gcc/x86_64-linux-gnu/11/liblto_plugin.so'
ac_cv_prog_AUTOCONF='${SHELL} /home/rumen/Coding/phantomuserland/gdb-13.1/missing autoconf'
ac_cv_prog_AUTOHEADER='${SHELL} /home/rumen/Coding/phantomuserland/gdb-13.1/missing autoheader'
ac_cv_prog_AWK=gawk
ac_cv_prog_CC=gcc
ac_cv_prog_CPP='gcc -E'
ac_cv_prog_MAKEINFO='makeinfo --split-size=5000000'
ac_cv_prog_OBJDUMP=objdump
ac_cv_prog_RANLIB='ranlib --plugin /usr/lib/gcc/x86_64-linux-gnu/11/liblto_plugin.so'
ac_cv_prog_ac_ct_STRIP=strip
ac_cv_prog_cc_c89=
ac_cv_prog_cc_g=yes
ac_cv_prog_make_make_set=yes
ac_cv_safe_to_define___extensions__=yes
ac_cv_sys_file_offset_bits=no
ac_cv_sys_largefile_CC=no
acx_cv_prog_cc_warning__Wall=yes
acx_cv_prog_cc_warning__Wextra=yes
acx_cv_prog_cc_warning__Wmissing_format_attribute=yes
acx_cv_prog_cc_warning__Wmissing_prototypes=yes
acx_cv_prog_cc_warning__Wstrict_prototypes=yes
acx_cv_prog_cc_warning__Wwrite_strings=yes
am_cv_CC_dependencies_compiler_type=gcc3
am_cv_ar_interface=ar
am_cv_make_support_nested_variables=yes
am_cv_prog_cc_c_o=yes
lt_cv_deplibs_check_method=pass_all
lt_cv_file_magic_cmd='$MAGIC_CMD'
lt_cv_file_magic_test_file=
lt_cv_ld_reload_flag=-r
lt_cv_nm_interface='BSD nm'
lt_cv_objdir=.libs
lt_cv_path_LD=ld
lt_cv_path_NM='/usr/bin/nm -B'
lt_cv_prog_compiler_c_o=yes
lt_cv_prog_compiler_pic_works=yes
lt_cv_prog_compiler_rtti_exceptions=no
lt_cv_prog_compiler_static_works=yes
lt_cv_prog_gnu_ld=yes
lt_cv_shlibpath_overrides_runpath=yes
lt_cv_sys_global_symbol_pipe='sed -n -e '\''s/^.*[	 ]\([ABCDGIRSTW][ABCDGIRSTW]*\)[	 ][	 ]*\([_A-Za-z][_A-Za-z0-9]*\)$/\1 \2 \2/p'\'''
lt_cv_sys_global_symbol_to_c_name_address='sed -n -e '\''s/^: \([^ ]*\) $/  {\"\1\", (void *) 0},/p'\'' -e '\''s/^[ABCDGIRSTW]* \([^ ]*\) \([^ ]*\)$/  {"\2", (void *) \&\2},/p'\'''
lt_cv_sys_global_symbol_to_c_name_address_lib_prefix='sed -n -e '\''s/^: \([^ ]*\) $/  {\"\1\", (void *) 0},/p'\'' -e '\''s/^[ABCDGIRSTW]* \([^ ]*\) \(lib[^ ]*\)$/  {"\2", (void *) \&\2},/p'\'' -e '\''s/^[ABCDGIRSTW]* \([^ ]*\) \([^ ]*\)$/  {"lib\2", (void *) \&\2},/p'\'''
lt_cv_sys_global_symbol_to_cdecl='sed -n -e '\''s/^T .* \(.*\)$/extern int \1();/p'\'' -e '\''s/^[ABCDGIRSTW]* .* \(.*\)$/extern char \1;/p'\'''
lt_cv_sys_max_cmd_len=1572864

## ----------------- ##
## Output variables. ##
## ----------------- ##

ACLOCAL='${SHELL} /home/rumen/Coding/phantomuserland/gdb-13.1/missing aclocal-1.15'
AMDEPBACKSLASH='\'
AMDEP_FALSE='#'
AMDEP_TRUE=''
AMTAR='$${TAR-tar}'
AM_BACKSLASH='\'
AM_DEFAULT_V='$(AM_DEFAULT_VERBOSITY)'
AM_DEFAULT_VERBOSITY='1'
AM_V='$(V)'
AR='ar --plugin /usr/lib/gcc/x86_64-linux-gnu/11/liblto_plugin.so --plugin /usr/lib/gcc/x86_64-linux-gnu/11/liblto_plugin.so'
AUTOCONF='${SHELL} /home/rumen/Coding/phantomuserland/gdb-13.1/missing autoconf'
AUTOHEADER='${SHELL} /home/rumen/Coding/phantomuserland/gdb-13.1/missing autoheader'
AUTOMAKE='${SHELL} /home/rumen/Coding/phantomuserland/gdb-13.1/missing automake-1.15'
AWK='gawk'
BUILD_INFO_FALSE='#'
BUILD_INFO_TRUE=''
CC='gcc'
CCDEPMODE='depmode=gcc3'
CFLAGS='-g -O2    '
COMPAT_DEJAGNU='no'
CPP='gcc -E'
CPPFLAGS=''
CYGPATH_W='echo'
DEFS='-DHAVE_CONFIG_H'
DEPDIR='.deps'
DSYMUTIL='dsymutil'
DUMPBIN=''
ECHO_C=''
ECHO_N='-n'
ECHO_T=''
EGREP='/usr/bin/grep -E'
EXEEXT=''
FGREP='/usr/bin/grep -F'
GREP='/usr/bin/grep'
HAVE_COMPAT_DEJAGNU_FALSE=''
HAVE_COMPAT_DEJAGNU_TRUE='#'
INSTALL_DATA='/usr/bin/install -c -m 644'
INSTALL_LIBBFD_FALSE='#'
INSTALL_LIBBFD_TRUE=''
INSTALL_PROGRAM='/usr/bin/install -c'
INSTALL_SCRIPT='/usr/bin/install -c'
INSTALL_STRIP_PROGRAM='$(install_sh) -c -s'
LD='ld -m elf_x86_64'
LDFLAGS=' '
LIBOBJS=''
LIBS=''
LIBTOOL='$(SHELL) $(top_builddir)/libtool'
LIPO=''
LN_S='ln -s'
LTLIBOBJS=''
MAINT='#'
MAINTAINER_MODE_FALSE=''
MAINTAINER_MODE_TRUE='#'
MAKEINFO='makeinfo --split-size=5000000'
MKDIR_P='/usr/bin/mkdir -p'
NM='/usr/bin/nm -B'
NMEDIT=''
OBJDUMP='objdump'
OBJEXT='o'
OTOOL64=''
OTOOL='otool'
PACKAGE='libsframe'
PACKAGE_BUGREPORT=''
PACKAGE_NAME='libsframe'
PACKAGE_STRING='libsframe BFD_VERSION'
PACKAGE_TARNAME='libsframe'
PACKAGE_URL=''
PACKAGE_VERSION='BFD_VERSION'
PATH_SEPARATOR=':'
RANLIB='ranlib --plugin /usr/lib/gcc/x86_64-linux-gnu/11/liblto_plugin.so --plugin /usr/lib/gcc/x86_64-linux-gnu/11/liblto_plugin.so'
SED='/usr/bin/sed'
SET_MAKE=''
SHELL='/bin/bash'
STRIP='strip'
VERSION='BFD_VERSION'
ac_ct_AR=''
ac_ct_CC=''
ac_ct_DUMPBIN=''
ac_libsframe_warn_cflags='-Wall -Wextra -Wwrite-strings -Wmissing-format-attribute -Wstrict-prototypes -Wmissing-prototypes'
am__EXEEXT_FALSE=''
am__EXEEXT_TRUE='#'
am__fastdepCC_FALSE='#'
am__fastdepCC_TRUE=''
am__include='include'
am__isrc=''
am__leading_dot='.'
am__nodep='_no'
am__quote=''
am__tar='$${TAR-tar} chof - "$$tardir"'
am__untar='$${TAR-tar} xf -'
bfdincludedir='$(includedir)'
bfdlibdir='$(libdir)'
bindir='${exec_prefix}/bin'
build='x86_64-pc-linux-gnu'
build_alias='x86_64-pc-linux-gnu'
build_cpu='x86_64'
build_os='linux-gnu'
build_vendor='pc'
datadir='${datarootdir}'
datarootdir='${prefix}/share'
docdir='${datarootdir}/doc/${PACKAGE_TARNAME}'
dvidir='${docdir}'
exec_prefix='${prefix}'
host='x86_64-pc-linux-gnu'
host_alias='x86_64-pc-linux-gnu'
host_cpu='x86_64'
host_noncanonical='x86_64-pc-linux-gnu'
host_os='linux-gnu'
host_vendor='pc'
htmldir='${docdir}'
includedir='${prefix}/include'
infodir='${datarootdir}/info'
install_sh='${SHELL} /home/rumen/Coding/phantomuserland/gdb-13.1/install-sh'
libdir='${exec_prefix}/lib'
libexecdir='${exec_prefix}/libexec'
localedir='${datarootdir}/locale'
localstatedir='${prefix}/var'
mandir='${datarootdir}/man'
mkdir_p='$(MKDIR_P)'
oldincludedir='/usr/include'
pdfdir='${docdir}'
prefix='/usr/local'
program_transform_name='s,y,y,'
psdir='${docdir}'
sbindir='${exec_prefix}/sbin'
sharedstatedir='${prefix}/com'
sysconfdir='${prefix}/etc'
target_alias='x86_64-pc-linux-gnu'
target_noncanonical='x86_64-pc-linux-gnu'

## ----------- ##
## confdefs.h. ##
## ----------- ##

/* confdefs.h */
#define PACKAGE_NAME "libsframe"
#define PACKAGE_TARNAME "libsframe"
#define PACKAGE_VERSION "BFD_VERSION"
#define PACKAGE_STRING "libsframe BFD_VERSION"
#define PACKAGE_BUGREPORT ""
#define PACKAGE_URL ""
#define STDC_HEADERS 1
#define HAVE_SYS_TYPES_H 1
#define HAVE_SYS_STAT_H 1
#define HAVE_STDLIB_H 1
#define HAVE_STRING_H 1
#define HAVE_MEMORY_H 1
#define HAVE_STRINGS_H 1
#define HAVE_INTTYPES_H 1
#define HAVE_STDINT_H 1
#define HAVE_UNISTD_H 1
#define __EXTENSIONS__ 1
#define _ALL_SOURCE 1
#define _GNU_SOURCE 1
#define _POSIX_PTHREAD_SEMANTICS 1
#define _TANDEM_SOURCE 1
#define PACKAGE "libsframe"
#define VERSION "BFD_VERSION"
#define HAVE_DLFCN_H 1
#define LT_OBJDIR ".libs/"
#define HAVE_STDLIB_H 1
#define HAVE_UNISTD_H 1
#define HAVE_SYS_PARAM_H 1
#define HAVE_GETPAGESIZE 1
#define HAVE_MMAP 1
#define HAVE_BYTESWAP_H 1
#define HAVE_ENDIAN_H 1
#define HAVE_DECL_BSWAP_16 1
#define HAVE_DECL_BSWAP_32 1
#define HAVE_DECL_BSWAP_64 1

configure: exit 0
